<?xml version="1.0" encoding="UTF-8"?>
<!-- Generated by org.testng.reporters.JUnitReportReporter -->
<testsuite skipped="0" hostname="NCHINDALIYA01" name="com.inetbanking.testCases.TC_WithdrwalAmount_008" tests="1" failures="0" timestamp="2021-09-09T12:24:28 IST" time="9.921" errors="0">
  <testcase name="amountWithdraw" time="9.921" classname="com.inetbanking.testCases.TC_WithdrwalAmount_008"/>
  <system-out/>
</testsuite> <!-- com.inetbanking.testCases.TC_WithdrwalAmount_008 -->
