<?xml version="1.0" encoding="UTF-8"?>
<!-- Generated by org.testng.reporters.JUnitReportReporter -->
<testsuite skipped="0" hostname="NCHINDALIYA01" name="com.inetbanking.testCases.TC_AddNewAccount_005" tests="1" failures="0" timestamp="2021-09-09T12:24:28 IST" time="9.428" errors="0">
  <testcase name="NewAccount" time="9.428" classname="com.inetbanking.testCases.TC_AddNewAccount_005"/>
  <system-out/>
</testsuite> <!-- com.inetbanking.testCases.TC_AddNewAccount_005 -->
