<?xml version="1.0" encoding="UTF-8"?>
<!-- Generated by org.testng.reporters.JUnitReportReporter -->
<testsuite skipped="0" hostname="NCHINDALIYA01" name="com.inetbanking.testCases.TC_AddNewCustomer_003" tests="1" failures="0" timestamp="2021-09-02T16:56:19 IST" time="15.502" errors="0">
  <testcase name="addNewCustomer" time="15.502" classname="com.inetbanking.testCases.TC_AddNewCustomer_003"/>
  <system-out/>
</testsuite> <!-- com.inetbanking.testCases.TC_AddNewCustomer_003 -->
