<?xml version="1.0" encoding="UTF-8"?>
<!-- Generated by org.testng.reporters.JUnitReportReporter -->
<testsuite skipped="0" hostname="NCHINDALIYA01" name="com.inetbanking.testCases.TC_EditCustomer_004" tests="1" failures="0" timestamp="2021-09-02T18:21:14 IST" time="9.196" errors="0">
  <testcase name="editCustomer" time="9.196" classname="com.inetbanking.testCases.TC_EditCustomer_004"/>
  <system-out/>
</testsuite> <!-- com.inetbanking.testCases.TC_EditCustomer_004 -->
