<?xml version="1.0" encoding="UTF-8"?>
<!-- Generated by org.testng.reporters.JUnitReportReporter -->
<testsuite hostname="NCHINDALIYA01" failures="0" tests="1" name="com.inetbanking.testCases.TC_LoginTest_001" time="5.715" errors="0" timestamp="2021-08-31T21:31:26 IST" skipped="0">
  <testcase classname="com.inetbanking.testCases.TC_LoginTest_001" name="loginTest" time="5.715"/>
  <system-out/>
</testsuite> <!-- com.inetbanking.testCases.TC_LoginTest_001 -->
