<?xml version="1.0" encoding="UTF-8"?>
<!-- Generated by org.testng.reporters.JUnitReportReporter -->
<testsuite skipped="0" hostname="NCHINDALIYA01" name="com.inetbanking.testCases.TC_AddDepositAmount_006" tests="1" failures="0" timestamp="2021-09-09T12:41:47 IST" time="8.850" errors="0">
  <testcase name="DepositAmount" time="8.850" classname="com.inetbanking.testCases.TC_AddDepositAmount_006"/>
  <system-out/>
</testsuite> <!-- com.inetbanking.testCases.TC_AddDepositAmount_006 -->
